2026-07-17 00:25:04,299 - root - INFO - Saving views data to traffic-stats/nomad-oasis-schema-parser-plugin-views-combined.json
2026-07-17 00:25:04,411 - root - INFO - Saving referrers data to traffic-stats/nomad-oasis-schema-parser-plugin-referrers-combined.json
2026-07-17 00:25:04,414 - root - WARNING - Invalid referrers data: []
2026-07-17 00:25:04,446 - root - INFO - Saving paths data to traffic-stats/nomad-oasis-schema-parser-plugin-paths-combined.json
2026-07-17 00:25:04,457 - root - WARNING - Invalid paths data: []
2026-07-17 00:25:05,137 - root - INFO - Saving views data to traffic-stats/ccpnc-oasis-app-views-combined.json
2026-07-17 00:25:05,182 - root - INFO - Saving clones data to traffic-stats/ccpnc-oasis-app-clones-combined.json
2026-07-17 00:25:05,270 - root - INFO - Saving referrers data to traffic-stats/ccpnc-oasis-app-referrers-combined.json
2026-07-17 00:25:05,272 - root - WARNING - Invalid referrers data: []
2026-07-17 00:25:05,337 - root - INFO - Saving paths data to traffic-stats/ccpnc-oasis-app-paths-combined.json
2026-07-17 00:25:05,997 - root - INFO - Saving views data to traffic-stats/simpson-docker-views-combined.json
2026-07-17 00:25:06,037 - root - INFO - Saving clones data to traffic-stats/simpson-docker-clones-combined.json
2026-07-17 00:25:06,145 - root - INFO - Saving referrers data to traffic-stats/simpson-docker-referrers-combined.json
2026-07-17 00:25:06,148 - root - WARNING - Invalid referrers data: []
2026-07-17 00:25:06,212 - root - INFO - Saving paths data to traffic-stats/simpson-docker-paths-combined.json
2026-07-17 00:25:06,215 - root - WARNING - Invalid paths data: []
2026-07-17 00:25:06,912 - root - INFO - Saving clones data to traffic-stats/pynics-clones-combined.json
2026-07-17 00:25:06,958 - root - INFO - Saving views data to traffic-stats/pynics-views-combined.json
2026-07-17 00:25:07,064 - root - INFO - Saving referrers data to traffic-stats/pynics-referrers-combined.json
2026-07-17 00:25:07,096 - root - INFO - Saving paths data to traffic-stats/pynics-paths-combined.json
2026-07-17 00:25:07,769 - root - INFO - Saving views data to traffic-stats/crystcif-parse-views-combined.json
2026-07-17 00:25:07,808 - root - INFO - Saving clones data to traffic-stats/crystcif-parse-clones-combined.json
2026-07-17 00:25:07,924 - root - INFO - Saving referrers data to traffic-stats/crystcif-parse-referrers-combined.json
2026-07-17 00:25:07,926 - root - WARNING - Invalid referrers data: []
2026-07-17 00:25:07,972 - root - INFO - Saving paths data to traffic-stats/crystcif-parse-paths-combined.json
2026-07-17 00:25:07,976 - root - WARNING - Invalid paths data: []
2026-07-17 00:25:08,647 - root - INFO - Saving clones data to traffic-stats/pint_units_add-clones-combined.json
2026-07-17 00:25:08,661 - root - INFO - Saving views data to traffic-stats/pint_units_add-views-combined.json
2026-07-17 00:25:08,779 - root - INFO - Saving referrers data to traffic-stats/pint_units_add-referrers-combined.json
2026-07-17 00:25:08,780 - root - WARNING - Invalid referrers data: []
2026-07-17 00:25:08,800 - root - INFO - Saving paths data to traffic-stats/pint_units_add-paths-combined.json
2026-07-17 00:25:08,801 - root - WARNING - Invalid paths data: []
2026-07-17 00:25:09,469 - root - INFO - Saving views data to traffic-stats/orgdisord-views-combined.json
2026-07-17 00:25:09,496 - root - INFO - Saving clones data to traffic-stats/orgdisord-clones-combined.json
2026-07-17 00:25:09,627 - root - INFO - Saving paths data to traffic-stats/orgdisord-paths-combined.json
2026-07-17 00:25:09,643 - root - INFO - Saving referrers data to traffic-stats/orgdisord-referrers-combined.json
2026-07-17 00:25:10,304 - root - INFO - Saving clones data to traffic-stats/pymc-nmr-clones-combined.json
2026-07-17 00:25:10,363 - root - INFO - Saving views data to traffic-stats/pymc-nmr-views-combined.json
2026-07-17 00:25:10,425 - root - INFO - Saving referrers data to traffic-stats/pymc-nmr-referrers-combined.json
2026-07-17 00:25:10,466 - root - WARNING - Invalid referrers data: []
2026-07-17 00:25:10,472 - root - INFO - Saving paths data to traffic-stats/pymc-nmr-paths-combined.json
2026-07-17 00:25:11,293 - root - INFO - Saving views data to traffic-stats/ccpnc-database-views-combined.json
2026-07-17 00:25:11,302 - root - INFO - Saving clones data to traffic-stats/ccpnc-database-clones-combined.json
2026-07-17 00:25:11,424 - root - INFO - Saving paths data to traffic-stats/ccpnc-database-paths-combined.json
2026-07-17 00:25:11,453 - root - INFO - Saving referrers data to traffic-stats/ccpnc-database-referrers-combined.json
2026-07-17 00:25:11,457 - root - WARNING - Invalid referrers data: []
2026-07-17 00:25:12,116 - root - INFO - Saving views data to traffic-stats/nomad-parser-magres-views-combined.json
2026-07-17 00:25:12,164 - root - INFO - Saving clones data to traffic-stats/nomad-parser-magres-clones-combined.json
2026-07-17 00:25:12,287 - root - INFO - Saving referrers data to traffic-stats/nomad-parser-magres-referrers-combined.json
2026-07-17 00:25:12,290 - root - WARNING - Invalid referrers data: []
2026-07-17 00:25:12,297 - root - INFO - Saving paths data to traffic-stats/nomad-parser-magres-paths-combined.json
2026-07-17 00:25:13,000 - root - INFO - Saving views data to traffic-stats/.github-views-combined.json
2026-07-17 00:25:13,008 - root - INFO - Saving clones data to traffic-stats/.github-clones-combined.json
2026-07-17 00:25:13,142 - root - INFO - Saving referrers data to traffic-stats/.github-referrers-combined.json
2026-07-17 00:25:13,144 - root - WARNING - Invalid referrers data: []
2026-07-17 00:25:13,154 - root - INFO - Saving paths data to traffic-stats/.github-paths-combined.json
2026-07-17 00:25:13,157 - root - WARNING - Invalid paths data: []
2026-07-17 00:25:13,825 - root - INFO - Saving views data to traffic-stats/dipolar_averages-views-combined.json
2026-07-17 00:25:13,847 - root - INFO - Saving clones data to traffic-stats/dipolar_averages-clones-combined.json
2026-07-17 00:25:13,956 - root - INFO - Saving referrers data to traffic-stats/dipolar_averages-referrers-combined.json
2026-07-17 00:25:14,008 - root - INFO - Saving paths data to traffic-stats/dipolar_averages-paths-combined.json
2026-07-17 00:25:14,678 - root - INFO - Saving views data to traffic-stats/pspot-site-views-combined.json
2026-07-17 00:25:14,687 - root - INFO - Saving clones data to traffic-stats/pspot-site-clones-combined.json
2026-07-17 00:25:14,823 - root - INFO - Saving referrers data to traffic-stats/pspot-site-referrers-combined.json
2026-07-17 00:25:14,848 - root - INFO - Saving paths data to traffic-stats/pspot-site-paths-combined.json
2026-07-17 00:25:15,525 - root - INFO - Saving clones data to traffic-stats/parse-fmt-clones-combined.json
2026-07-17 00:25:15,535 - root - INFO - Saving views data to traffic-stats/parse-fmt-views-combined.json
2026-07-17 00:25:15,669 - root - INFO - Saving referrers data to traffic-stats/parse-fmt-referrers-combined.json
2026-07-17 00:25:15,672 - root - WARNING - Invalid referrers data: []
2026-07-17 00:25:15,686 - root - INFO - Saving paths data to traffic-stats/parse-fmt-paths-combined.json
2026-07-17 00:25:15,690 - root - WARNING - Invalid paths data: []
2026-07-17 00:25:16,351 - root - INFO - Saving views data to traffic-stats/staged-recipes-views-combined.json
2026-07-17 00:25:16,364 - root - INFO - Saving clones data to traffic-stats/staged-recipes-clones-combined.json
2026-07-17 00:25:16,482 - root - INFO - Saving referrers data to traffic-stats/staged-recipes-referrers-combined.json
2026-07-17 00:25:16,484 - root - WARNING - Invalid referrers data: []
2026-07-17 00:25:16,489 - root - INFO - Saving paths data to traffic-stats/staged-recipes-paths-combined.json
2026-07-17 00:25:17,151 - root - INFO - Saving views data to traffic-stats/castepconv-views-combined.json
2026-07-17 00:25:17,180 - root - INFO - Saving clones data to traffic-stats/castepconv-clones-combined.json
2026-07-17 00:25:17,292 - root - INFO - Saving referrers data to traffic-stats/castepconv-referrers-combined.json
2026-07-17 00:25:17,345 - root - INFO - Saving paths data to traffic-stats/castepconv-paths-combined.json
2026-07-17 00:25:18,042 - root - INFO - Saving views data to traffic-stats/magresview-views-combined.json
2026-07-17 00:25:18,053 - root - INFO - Saving clones data to traffic-stats/magresview-clones-combined.json
2026-07-17 00:25:18,174 - root - INFO - Saving paths data to traffic-stats/magresview-paths-combined.json
2026-07-17 00:25:18,186 - root - WARNING - Invalid paths data: []
2026-07-17 00:25:18,186 - root - INFO - Saving referrers data to traffic-stats/magresview-referrers-combined.json
2026-07-17 00:25:18,190 - root - WARNING - Invalid referrers data: []
2026-07-17 00:25:18,829 - root - INFO - Saving views data to traffic-stats/make-supercell-views-combined.json
2026-07-17 00:25:18,859 - root - INFO - Saving clones data to traffic-stats/make-supercell-clones-combined.json
2026-07-17 00:25:18,973 - root - INFO - Saving referrers data to traffic-stats/make-supercell-referrers-combined.json
2026-07-17 00:25:18,987 - root - INFO - Saving paths data to traffic-stats/make-supercell-paths-combined.json
